<?xml version="1.0" encoding="UTF-8"?>
<!-- Generated by org.testng.reporters.JUnitXMLReporter -->
<testsuite hostname="YP1009100LT" ignored="0" name="Test" tests="10" failures="4" timestamp="06 Feb 2020 11:53:24 GMT" time="0.435" errors="0">
  <testcase name="example1" time="0.152" classname="test.Test1">
    <failure type="java.lang.AssertionError" message="This test should be failed expected [3] but found [2]">
      <![CDATA[java.lang.AssertionError: This test should be failed expected [3] but found [2]
at test.Test1.example1(Test1.java:9)
... Removed 33 stack frames]]>
    </failure>
  </testcase> <!-- example1 -->
  <testcase name="example2" time="0.003" classname="test.Test1"/>
  <testcase name="example3" time="0.003" classname="test.Test1"/>
  <testcase name="example4" time="0.001" classname="test.Test1">
    <failure type="java.lang.AssertionError" message="This test should be failed">
      <![CDATA[java.lang.AssertionError: This test should be failed
at test.Test1.example4(Test1.java:24)
... Removed 29 stack frames]]>
    </failure>
  </testcase> <!-- example4 -->
  <testcase name="skippedByDependencyTest" time="0.0" classname="test.Test1">
    <skipped/>
  </testcase> <!-- skippedByDependencyTest -->
  <testcase name="test1" time="0.002" classname="test.Test2">
    <failure type="java.lang.AssertionError" message="expected [3] but found [2]">
      <![CDATA[java.lang.AssertionError: expected [3] but found [2]
at test.Test2.test1(Test2.java:9)
... Removed 34 stack frames]]>
    </failure>
  </testcase> <!-- test1 -->
  <testcase name="test2" time="0.001" classname="test.Test2"/>
  <testcase name="test3" time="0.003" classname="test.Test2"/>
  <testcase name="test4" time="0.003" classname="test.Test2">
    <failure type="java.lang.AssertionError" message="This test should be failed">
      <![CDATA[java.lang.AssertionError: This test should be failed
at test.Test2.test4(Test2.java:24)
... Removed 29 stack frames]]>
    </failure>
  </testcase> <!-- test4 -->
  <testcase name="skippedByDependencyTest" time="0.0" classname="test.Test2">
    <skipped/>
  </testcase> <!-- skippedByDependencyTest -->
</testsuite> <!-- Test -->
